[debug] [2022-08-19T09:47:53.417Z] ----------------------------------------------------------------------
[debug] [2022-08-19T09:47:53.418Z] Command:       C:\Program Files\nodejs\node.exe C:\Users\hemanth reddy\AppData\Roaming\npm\node_modules\firebase-tools\lib\bin\firebase.js functions:shell
[debug] [2022-08-19T09:47:53.419Z] CLI Version:   11.7.0
[debug] [2022-08-19T09:47:53.419Z] Platform:      win32
[debug] [2022-08-19T09:47:53.419Z] Node Version:  v16.16.0
[debug] [2022-08-19T09:47:53.420Z] Time:          Fri Aug 19 2022 15:17:53 GMT+0530 (India Standard Time)
[debug] [2022-08-19T09:47:53.421Z] ----------------------------------------------------------------------
[debug] 
[debug] [2022-08-19T09:47:53.493Z] > command requires scopes: ["email","openid","https://www.googleapis.com/auth/cloudplatformprojects.readonly","https://www.googleapis.com/auth/firebase","https://www.googleapis.com/auth/cloud-platform"]
[debug] [2022-08-19T09:47:53.494Z] > authorizing via signed-in user (hemanth12reddy@gmail.com)
[debug] [2022-08-19T09:47:53.494Z] [iam] checking project live-chat-64d5e for permissions ["firebase.projects.get"]
[debug] [2022-08-19T09:47:53.496Z] >>> [apiv2][query] POST https://cloudresourcemanager.googleapis.com/v1/projects/live-chat-64d5e:testIamPermissions [none]
[debug] [2022-08-19T09:47:53.497Z] >>> [apiv2][(partial)header] POST https://cloudresourcemanager.googleapis.com/v1/projects/live-chat-64d5e:testIamPermissions x-goog-quota-user=projects/live-chat-64d5e
[debug] [2022-08-19T09:47:53.497Z] >>> [apiv2][body] POST https://cloudresourcemanager.googleapis.com/v1/projects/live-chat-64d5e:testIamPermissions {"permissions":["firebase.projects.get"]}
[debug] [2022-08-19T09:47:55.912Z] <<< [apiv2][status] POST https://cloudresourcemanager.googleapis.com/v1/projects/live-chat-64d5e:testIamPermissions 200
[debug] [2022-08-19T09:47:55.912Z] <<< [apiv2][body] POST https://cloudresourcemanager.googleapis.com/v1/projects/live-chat-64d5e:testIamPermissions {"permissions":["firebase.projects.get"]}
[debug] [2022-08-19T09:47:55.952Z] [functions] Using node@16 from host.
[debug] [2022-08-19T09:47:55.953Z] defaultcredentials: writing to file C:\Users\hemanth reddy\AppData\Roaming\firebase\hemanth12reddy_gmail_com_application_default_credentials.json
[debug] [2022-08-19T09:47:55.955Z] DEBUG: Setting GAC to C:\Users\hemanth reddy\AppData\Roaming\firebase\hemanth12reddy_gmail_com_application_default_credentials.json
[debug] [2022-08-19T09:47:55.955Z] >>> [apiv2][query] GET https://firebase.googleapis.com/v1beta1/projects/live-chat-64d5e/adminSdkConfig [none]
[debug] [2022-08-19T09:47:56.845Z] <<< [apiv2][status] GET https://firebase.googleapis.com/v1beta1/projects/live-chat-64d5e/adminSdkConfig 200
[debug] [2022-08-19T09:47:56.845Z] <<< [apiv2][body] GET https://firebase.googleapis.com/v1beta1/projects/live-chat-64d5e/adminSdkConfig {"projectId":"live-chat-64d5e","databaseURL":"https://live-chat-64d5e-default-rtdb.asia-southeast1.firebasedatabase.app","storageBucket":"live-chat-64d5e.appspot.com","locationId":"asia-south1"}
[debug] [2022-08-19T09:47:56.862Z] [functions] Watching "D:\pp1\functions" for Cloud Functions...
[debug] [2022-08-19T09:47:56.869Z] Validating nodejs source
[debug] [2022-08-19T09:48:02.330Z] > [functions] package.json contents: {
  "name": "functions",
  "description": "Cloud Functions for Firebase",
  "scripts": {
    "lint": "eslint .",
    "serve": "firebase emulators:start --only functions",
    "shell": "firebase functions:shell",
    "start": "npm run shell",
    "deploy": "firebase deploy --only functions",
    "logs": "firebase functions:log"
  },
  "engines": {
    "node": "16"
  },
  "main": "index.js",
  "dependencies": {
    "firebase-admin": "^10.0.2",
    "firebase-functions": "^3.18.0"
  },
  "devDependencies": {
    "eslint": "^8.9.0",
    "eslint-config-google": "^0.14.0",
    "firebase-functions-test": "^0.2.0"
  },
  "private": true
}
[debug] [2022-08-19T09:48:02.330Z] Building nodejs source
[debug] [2022-08-19T09:48:02.331Z] Analyzing nodejs backend spec
[debug] [2022-08-19T09:48:02.333Z] Could not find functions.yaml. Must use http discovery
[debug] [2022-08-19T09:48:02.817Z] Serving at port 9005

[debug] [2022-08-19T09:48:02.972Z] Got response from /__/functions.yaml {"endpoints":{"detectiveEvilUsers":{"platform":"gcfv1","eventTrigger":{"eventType":"providers/cloud.firestore/eventTypes/document.create","eventFilters":{"resource":"projects/live-chat-64d5e/databases/(default)/documents/messages/{msgId}"},"retry":false},"labels":{},"entryPoint":"detectiveEvilUsers"}},"specVersion":"v1alpha1","requiredAPIs":[]}
[debug] [2022-08-19T09:48:02.983Z] shutdown requested via /__/quitquitquit

[debug] [2022-08-19T09:48:02.998Z] [functions] Loaded functions definitions from source: detectiveEvilUsers.
[debug] [2022-08-19T09:48:02.999Z] [functions[us-central1-detectiveEvilUsers]] function ignored because the firestore emulator does not exist or is not running.
[info] i  functions: Loaded functions: detectiveEvilUsers 
[warn] !  functions: The following emulators are not running, calls to these services will affect production: firestore, database, pubsub, storage, eventarc 
